C51 COMPILER V9.00   CONFIG                                                                02/28/2017 15:36:29 PAGE 1   


C51 COMPILER V9.00, COMPILATION OF MODULE CONFIG
OBJECT MODULE PLACED IN .\output\config.obj
COMPILER INVOKED BY: D:\Keil_C51\C51\BIN\C51.EXE source\config.c LARGE BROWSE DEBUG OBJECTEXTEND PRINT(.\config.lst) OBJ
                    -ECT(.\output\config.obj)

line level    source

   1          #include <CS1521.H>
   2          #include "config.h"
   3          
   4          
   5          void Port_Init(void)
   6          {
   7   1      
   8   1              P0FSR= 0x82;         // P0 functions selection IO        1000 0010  PWM+TX
   9   1              P0PU = 0x10;        // pullup
  10   1              P0OD = 0x00;            // open drain
  11   1              P0IN = 0x11;         // shimit shutdown
  12   1          P0IO = 0x7d;        // direction ,0111 1101 output
  13   1              P0 = 0x10;
  14   1      
  15   1      }
  16          
  17          void Time_Init(void)
  18          {
  19   1              CLKC = 0x00;             //FOSC = HIRC/2, 16.6MHz
  20   1      }
  21          
  22          void Iterrup_Init(void)
  23          {
  24   1      
  25   1              IEN2 |= 0x01;                   //串口中断 ？
  26   1      
  27   1              EAL  = 1;                               //开中断
  28   1      
  29   1      }
  30          
  31          void Power_Init(void)
  32          {
  33   1              CTRL = 0x0C;            //0000 0100  vreg = 3V
  34   1      }
  35          
  36          void Sin_Select(char SEL)        //SEL = CMOS or CSIN
  37          {
  38   1              SIN = SEL;
  39   1      }


MODULE INFORMATION:   STATIC OVERLAYABLE
   CODE SIZE        =     36    ----
   CONSTANT SIZE    =   ----    ----
   XDATA SIZE       =   ----    ----
   PDATA SIZE       =   ----    ----
   DATA SIZE        =   ----    ----
   IDATA SIZE       =   ----    ----
   BIT SIZE         =   ----    ----
END OF MODULE INFORMATION.


C51 COMPILATION COMPLETE.  0 WARNING(S),  0 ERROR(S)
